[2019-03-28 21:53:07] [INFO] ----------------测试用例执行开始-------------------
[2019-03-28 21:53:25] [INFO] 运行测试用例：测试用例名称：register;测试用例详细描述：完成完整的注册测试用例
[2019-03-28 21:53:25] [INFO] 测试步骤数：17
[2019-03-28 21:53:26] [INFO] 已经找到元素对象
[2019-03-28 21:53:26] [INFO] 执行测试步骤：识别方式：io.selendroid.testapp:id/startUserRegistration;操作:click;测试数据：null
[2019-03-28 21:53:27] [INFO] 测试步骤执行结果为true
[2019-03-28 21:53:27] [INFO] 测试用例执行结果为true
[2019-03-28 21:53:27] [INFO] 执行测试步骤：识别方式：;操作:waitForLoadingActivity;测试数据：.RegisterUserActivity
[2019-03-28 21:53:30] [INFO] .RegisterUserActivity
[2019-03-28 21:53:31] [INFO] .RegisterUserActivity出现！
[2019-03-28 21:53:31] [INFO] 测试步骤执行结果为true
[2019-03-28 21:53:31] [INFO] 测试用例执行结果为true
[2019-03-28 21:53:32] [INFO] 已经找到元素对象
[2019-03-28 21:53:32] [INFO] 执行测试步骤：识别方式：io.selendroid.testapp:id/inputUsername;操作:input;测试数据：dx
[2019-03-28 21:53:42] [INFO] 测试步骤执行结果为true
[2019-03-28 21:53:43] [INFO] 测试用例执行结果为true
[2019-03-28 21:53:44] [INFO] 已经找到元素对象
[2019-03-28 21:53:44] [INFO] 执行测试步骤：识别方式：io.selendroid.testapp:id/inputEmail;操作:input;测试数据：dengxiong12580@163.com
[2019-03-28 21:53:51] [INFO] 测试步骤执行结果为true
[2019-03-28 21:53:51] [INFO] 测试用例执行结果为true
[2019-03-28 21:53:52] [INFO] 已经找到元素对象
[2019-03-28 21:53:52] [INFO] 执行测试步骤：识别方式：io.selendroid.testapp:id/inputPassword;操作:input;测试数据：12345.0
[2019-03-28 21:54:00] [INFO] 测试步骤执行结果为true
[2019-03-28 21:54:00] [INFO] 测试用例执行结果为true
[2019-03-28 21:54:01] [INFO] 已经找到元素对象
[2019-03-28 21:54:01] [INFO] 执行测试步骤：识别方式：io.selendroid.testapp:id/inputName;操作:input;测试数据：dengxiong
[2019-03-28 21:54:14] [INFO] 测试步骤执行结果为false
[2019-03-28 21:54:14] [INFO] 测试用例执行结果为false
[2019-03-28 21:54:15] [INFO] ----------------测试用例执行结束-------------------
