[2019-03-30 15:54:02] [INFO] ----------------测试用例执行开始-------------------
[2019-03-30 15:54:23] [INFO] 运行测试用例：测试用例名称：register;测试用例详细描述：完成完整的注册测试用例
[2019-03-30 15:54:23] [INFO] 测试步骤数：17
[2019-03-30 15:54:24] [INFO] 已经找到元素对象
[2019-03-30 15:54:24] [INFO] 执行测试步骤：识别方式：io.selendroid.testapp:id/startUserRegistration;操作:click;测试数据：null
[2019-03-30 15:54:24] [INFO] 测试步骤执行结果为true
[2019-03-30 15:54:24] [INFO] 测试用例执行结果为true
[2019-03-30 15:54:24] [INFO] 执行测试步骤：识别方式：;操作:waitForLoadingActivity;测试数据：.RegisterUserActivity
[2019-03-30 15:54:28] [INFO] .RegisterUserActivity
[2019-03-30 15:54:29] [INFO] .RegisterUserActivity出现！
[2019-03-30 15:54:29] [INFO] 测试步骤执行结果为true
[2019-03-30 15:54:29] [INFO] 测试用例执行结果为true
[2019-03-30 15:54:30] [INFO] 已经找到元素对象
[2019-03-30 15:54:30] [INFO] 执行测试步骤：识别方式：io.selendroid.testapp:id/inputUsername;操作:input;测试数据：dx
[2019-03-30 15:54:40] [INFO] 测试步骤执行结果为true
[2019-03-30 15:54:40] [INFO] 测试用例执行结果为true
[2019-03-30 15:54:41] [INFO] 已经找到元素对象
[2019-03-30 15:54:41] [INFO] 执行测试步骤：识别方式：io.selendroid.testapp:id/inputEmail;操作:input;测试数据：dengxiong12580@163.com
[2019-03-30 15:54:49] [INFO] 测试步骤执行结果为true
[2019-03-30 15:54:49] [INFO] 测试用例执行结果为true
[2019-03-30 15:54:50] [INFO] 已经找到元素对象
[2019-03-30 15:54:50] [INFO] 执行测试步骤：识别方式：io.selendroid.testapp:id/inputPassword;操作:input;测试数据：12345.0
[2019-03-30 15:54:58] [INFO] 测试步骤执行结果为true
[2019-03-30 15:54:58] [INFO] 测试用例执行结果为true
[2019-03-30 15:54:59] [INFO] 已经找到元素对象
[2019-03-30 15:54:59] [INFO] 执行测试步骤：识别方式：io.selendroid.testapp:id/inputName;操作:input;测试数据：dengxiong
[2019-03-30 15:55:15] [INFO] 测试步骤执行结果为true
[2019-03-30 15:55:15] [INFO] 测试用例执行结果为true
[2019-03-30 15:55:16] [INFO] 已经找到元素对象
[2019-03-30 15:55:16] [INFO] 执行测试步骤：识别方式：io.selendroid.testapp:id/input_preferedProgrammingLanguage;操作:click;测试数据：null
[2019-03-30 15:55:16] [INFO] 测试步骤执行结果为true
[2019-03-30 15:55:16] [INFO] 测试用例执行结果为true
[2019-03-30 15:55:17] [INFO] 已经找到元素对象
[2019-03-30 15:55:17] [INFO] 执行测试步骤：识别方式：Java;操作:click;测试数据：null
[2019-03-30 15:55:18] [INFO] 测试步骤执行结果为true
[2019-03-30 15:55:18] [INFO] 测试用例执行结果为true
[2019-03-30 15:55:19] [INFO] 已经找到元素对象
[2019-03-30 15:55:19] [INFO] 执行测试步骤：识别方式：io.selendroid.testapp:id/input_adds;操作:click_radio;测试数据：yes
[2019-03-30 15:55:19] [INFO] 测试步骤执行结果为true
[2019-03-30 15:55:19] [INFO] 测试用例执行结果为true
[2019-03-30 15:55:20] [INFO] 已经找到元素对象
[2019-03-30 15:55:20] [INFO] 执行测试步骤：识别方式：io.selendroid.testapp:id/btnRegisterUser;操作:click;测试数据：null
[2019-03-30 15:55:20] [INFO] 测试步骤执行结果为true
[2019-03-30 15:55:20] [INFO] 测试用例执行结果为true
[2019-03-30 15:55:20] [INFO] 执行测试步骤：识别方式：;操作:waitForLoadingActivity;测试数据：.VerifyUserActivity
[2019-03-30 15:55:24] [INFO] .VerifyUserActivity
[2019-03-30 15:55:25] [INFO] .VerifyUserActivity出现！
[2019-03-30 15:55:25] [INFO] 测试步骤执行结果为true
[2019-03-30 15:55:25] [INFO] 测试用例执行结果为true
[2019-03-30 15:55:26] [INFO] 已经找到元素对象
[2019-03-30 15:55:26] [INFO] 执行测试步骤：识别方式：io.selendroid.testapp:id/label_username_data;操作:verify;测试数据：dx
[2019-03-30 15:55:26] [INFO] 测试步骤执行结果为true
[2019-03-30 15:55:26] [INFO] 测试用例执行结果为true
[2019-03-30 15:55:27] [INFO] 已经找到元素对象
[2019-03-30 15:55:27] [INFO] 执行测试步骤：识别方式：io.selendroid.testapp:id/label_email_data;操作:verify;测试数据：dengxiong12580@163.com
[2019-03-30 15:55:27] [INFO] 测试步骤执行结果为true
[2019-03-30 15:55:27] [INFO] 测试用例执行结果为true
[2019-03-30 15:55:28] [INFO] 已经找到元素对象
[2019-03-30 15:55:28] [INFO] 执行测试步骤：识别方式：io.selendroid.testapp:id/label_password_data;操作:verify;测试数据：12345.0
[2019-03-30 15:55:28] [INFO] 测试步骤执行结果为true
[2019-03-30 15:55:28] [INFO] 测试用例执行结果为true
[2019-03-30 15:55:29] [INFO] 已经找到元素对象
[2019-03-30 15:55:29] [INFO] 执行测试步骤：识别方式：io.selendroid.testapp:id/label_name_data;操作:verify;测试数据：dengxiong
[2019-03-30 15:55:29] [INFO] 测试步骤执行结果为true
[2019-03-30 15:55:29] [INFO] 测试用例执行结果为true
[2019-03-30 15:55:31] [INFO] 已经找到元素对象
[2019-03-30 15:55:31] [INFO] 执行测试步骤：识别方式：io.selendroid.testapp:id/label_preferedProgrammingLanguage_data;操作:verify;测试数据：Java
[2019-03-30 15:55:31] [INFO] 测试步骤执行结果为true
[2019-03-30 15:55:31] [INFO] 测试用例执行结果为true
[2019-03-30 15:55:32] [INFO] 已经找到元素对象
[2019-03-30 15:55:32] [INFO] 执行测试步骤：识别方式：io.selendroid.testapp:id/label_acceptAdds_data;操作:verify;测试数据：true
[2019-03-30 15:55:32] [INFO] 测试步骤执行结果为true
[2019-03-30 15:55:32] [INFO] 测试用例执行结果为true
[2019-03-30 15:55:32] [INFO] ----------------测试用例执行结束-------------------
